2024-12-16 20:39:44.663  INFO 212546 --- [restartedMain] c.e.a.AuthServerJwtApplication           : Starting AuthServerJwtApplication using Java 11.0.25 on admin1-Lenovo-G50-80 with PID 212546 (/mnt/sda4/Project/authServerJwt/target/classes started by admin1 in /mnt/sda4/Project/authServerJwt)
2024-12-16 20:39:44.708 DEBUG 212546 --- [restartedMain] c.e.a.AuthServerJwtApplication           : Running with Spring Boot v2.7.9, Spring v5.3.25
2024-12-16 20:39:44.710  INFO 212546 --- [restartedMain] c.e.a.AuthServerJwtApplication           : No active profile set, falling back to 1 default profile: "default"
2024-12-16 20:39:45.256  INFO 212546 --- [restartedMain] .e.DevToolsPropertyDefaultsPostProcessor : Devtools property defaults active! Set 'spring.devtools.add-properties' to 'false' to disable
2024-12-16 20:39:45.257  INFO 212546 --- [restartedMain] .e.DevToolsPropertyDefaultsPostProcessor : For additional web related logging consider setting the 'logging.level.web' property to 'DEBUG'
2024-12-16 20:39:48.372  INFO 212546 --- [restartedMain] .s.d.r.c.RepositoryConfigurationDelegate : Bootstrapping Spring Data JPA repositories in DEFAULT mode.
2024-12-16 20:39:48.487  INFO 212546 --- [restartedMain] .s.d.r.c.RepositoryConfigurationDelegate : Finished Spring Data repository scanning in 99 ms. Found 1 JPA repository interfaces.
2024-12-16 20:39:50.477  INFO 212546 --- [restartedMain] o.s.b.w.embedded.tomcat.TomcatWebServer  : Tomcat initialized with port(s): 8080 (http)
2024-12-16 20:39:50.502  INFO 212546 --- [restartedMain] o.apache.catalina.core.StandardService   : Starting service [Tomcat]
2024-12-16 20:39:50.503  INFO 212546 --- [restartedMain] org.apache.catalina.core.StandardEngine  : Starting Servlet engine: [Apache Tomcat/9.0.71]
2024-12-16 20:39:50.662  INFO 212546 --- [restartedMain] o.a.c.c.C.[Tomcat].[localhost].[/]       : Initializing Spring embedded WebApplicationContext
2024-12-16 20:39:50.663  INFO 212546 --- [restartedMain] w.s.c.ServletWebServerApplicationContext : Root WebApplicationContext: initialization completed in 5405 ms
2024-12-16 20:39:50.770  INFO 212546 --- [restartedMain] com.zaxxer.hikari.HikariDataSource       : HikariPool-1 - Starting...
2024-12-16 20:39:51.776  INFO 212546 --- [restartedMain] com.zaxxer.hikari.HikariDataSource       : HikariPool-1 - Start completed.
2024-12-16 20:39:51.801  INFO 212546 --- [restartedMain] o.s.b.a.h2.H2ConsoleAutoConfiguration    : H2 console available at '/h2-console'. Database available at 'jdbc:h2:/mnt/sda4/Project/authServerJwt/testdb'
2024-12-16 20:39:54.795  INFO 212546 --- [restartedMain] o.hibernate.jpa.internal.util.LogHelper  : HHH000204: Processing PersistenceUnitInfo [name: default]
2024-12-16 20:39:55.119  INFO 212546 --- [restartedMain] org.hibernate.Version                    : HHH000412: Hibernate ORM core version 5.6.10.Final
2024-12-16 20:39:55.623  INFO 212546 --- [restartedMain] o.hibernate.annotations.common.Version   : HCANN000001: Hibernate Commons Annotations {5.1.2.Final}
2024-12-16 20:39:56.119  INFO 212546 --- [restartedMain] org.hibernate.dialect.Dialect            : HHH000400: Using dialect: org.hibernate.dialect.H2Dialect
2024-12-16 20:39:57.355  INFO 212546 --- [restartedMain] o.h.e.t.j.p.i.JtaPlatformInitiator       : HHH000490: Using JtaPlatform implementation: [org.hibernate.engine.transaction.jta.platform.internal.NoJtaPlatform]
2024-12-16 20:39:57.383  INFO 212546 --- [restartedMain] j.LocalContainerEntityManagerFactoryBean : Initialized JPA EntityManagerFactory for persistence unit 'default'
2024-12-16 20:39:58.103 DEBUG 212546 --- [restartedMain] c.e.a.security.JwtAuthenticationFilter   : Filter 'jwtAuthenticationFilter' configured for use
2024-12-16 20:39:58.528  INFO 212546 --- [restartedMain] o.s.s.web.DefaultSecurityFilterChain     : Will secure any request with [org.springframework.security.web.session.DisableEncodeUrlFilter@3ebb0ea9, org.springframework.security.web.context.request.async.WebAsyncManagerIntegrationFilter@4df4d809, org.springframework.security.web.context.SecurityContextPersistenceFilter@302bf9fc, org.springframework.security.web.header.HeaderWriterFilter@2470accf, org.springframework.security.web.authentication.logout.LogoutFilter@31c6b446, com.example.authServerJwt.security.JwtAuthenticationFilter@2db10313, org.springframework.security.web.savedrequest.RequestCacheAwareFilter@5b72c873, org.springframework.security.web.servletapi.SecurityContextHolderAwareRequestFilter@16be0120, org.springframework.security.web.authentication.AnonymousAuthenticationFilter@5b1eb72b, org.springframework.security.web.session.SessionManagementFilter@4c7ebae9, org.springframework.security.web.access.ExceptionTranslationFilter@654bdeb5, org.springframework.security.web.access.intercept.FilterSecurityInterceptor@6092f441]
2024-12-16 20:39:58.601  WARN 212546 --- [restartedMain] JpaBaseConfiguration$JpaWebConfiguration : spring.jpa.open-in-view is enabled by default. Therefore, database queries may be performed during view rendering. Explicitly configure spring.jpa.open-in-view to disable this warning
2024-12-16 20:39:59.133  INFO 212546 --- [restartedMain] o.s.b.d.a.OptionalLiveReloadServer       : LiveReload server is running on port 35729
2024-12-16 20:39:59.227  INFO 212546 --- [restartedMain] o.s.b.w.embedded.tomcat.TomcatWebServer  : Tomcat started on port(s): 8080 (http) with context path ''
2024-12-16 20:39:59.259  INFO 212546 --- [restartedMain] c.e.a.AuthServerJwtApplication           : Started AuthServerJwtApplication in 16.289 seconds (JVM running for 21.644)
2024-12-16 20:40:43.584  INFO 212546 --- [http-nio-8080-exec-1] o.a.c.c.C.[Tomcat].[localhost].[/]       : Initializing Spring DispatcherServlet 'dispatcherServlet'
2024-12-16 20:40:43.589  INFO 212546 --- [http-nio-8080-exec-1] o.s.web.servlet.DispatcherServlet        : Initializing Servlet 'dispatcherServlet'
2024-12-16 20:40:43.594  INFO 212546 --- [http-nio-8080-exec-1] o.s.web.servlet.DispatcherServlet        : Completed initialization in 4 ms
2024-12-16 20:40:54.882 ERROR 212546 --- [http-nio-8080-exec-3] c.e.a.controller.AuthController          : Username is user
2024-12-16 20:40:54.883 ERROR 212546 --- [http-nio-8080-exec-3] c.e.a.controller.AuthController          : password is 12345
2024-12-16 20:40:54.884  INFO 212546 --- [http-nio-8080-exec-3] c.e.a.controller.AuthController          : inside login.
2024-12-16 20:40:54.885  INFO 212546 --- [http-nio-8080-exec-3] c.e.a.controller.AuthController          : check 1
2024-12-16 20:40:55.615  INFO 212546 --- [http-nio-8080-exec-3] c.e.a.controller.AuthController          : check 2
2024-12-16 20:41:46.344 ERROR 212546 --- [http-nio-8080-exec-4] c.e.a.controller.AuthController          : Username is user
2024-12-16 20:41:46.345 ERROR 212546 --- [http-nio-8080-exec-4] c.e.a.controller.AuthController          : password is 12345
2024-12-16 20:41:46.345  INFO 212546 --- [http-nio-8080-exec-4] c.e.a.controller.AuthController          : inside login.
2024-12-16 20:41:46.345  INFO 212546 --- [http-nio-8080-exec-4] c.e.a.controller.AuthController          : check 1
2024-12-16 20:41:46.531  INFO 212546 --- [http-nio-8080-exec-4] c.e.a.controller.AuthController          : check 2
2024-12-16 21:11:44.702  INFO 212546 --- [RMI TCP Connection(46)-127.0.0.1] inMXBeanRegistrar$SpringApplicationAdmin : Application shutdown requested.
2024-12-16 21:11:44.708  INFO 212546 --- [RMI TCP Connection(46)-127.0.0.1] o.apache.catalina.core.StandardService   : Stopping service [Tomcat]
2024-12-16 21:11:44.711  INFO 212546 --- [RMI TCP Connection(46)-127.0.0.1] o.a.c.c.C.[Tomcat].[localhost].[/]       : Destroying Spring FrameworkServlet 'dispatcherServlet'
2024-12-16 21:11:44.754  INFO 212546 --- [RMI TCP Connection(46)-127.0.0.1] j.LocalContainerEntityManagerFactoryBean : Closing JPA EntityManagerFactory for persistence unit 'default'
2024-12-16 21:11:44.758  INFO 212546 --- [RMI TCP Connection(46)-127.0.0.1] com.zaxxer.hikari.HikariDataSource       : HikariPool-1 - Shutdown initiated...
2024-12-16 21:11:44.763  INFO 212546 --- [RMI TCP Connection(46)-127.0.0.1] com.zaxxer.hikari.HikariDataSource       : HikariPool-1 - Shutdown completed.
